<?xml version="1.0" encoding="UTF-8"?>
<testng-results ignored="0" total="1" passed="1" failed="0" skipped="0">
  <reporter-output>
  </reporter-output>
  <suite started-at="2022-07-21T09:50:17 IST" name="Default suite" finished-at="2022-07-21T09:50:33 IST" duration-ms="16731">
    <groups>
    </groups>
    <test started-at="2022-07-21T09:50:17 IST" name="Default test" finished-at="2022-07-21T09:50:33 IST" duration-ms="16731">
      <class name="test.ValidLoginTest">
        <test-method is-config="true" signature="beforeMethod()[pri:0, instance:test.ValidLoginTest@25641d39]" started-at="2022-07-21T09:50:17 IST" name="beforeMethod" finished-at="2022-07-21T09:50:27 IST" duration-ms="10726" status="PASS">
          <reporter-output>
          </reporter-output>
        </test-method> <!-- beforeMethod -->
        <test-method signature="validLoginTest()[pri:0, instance:test.ValidLoginTest@25641d39]" started-at="2022-07-21T09:50:27 IST" name="validLoginTest" finished-at="2022-07-21T09:50:33 IST" duration-ms="5741" status="PASS">
          <reporter-output>
          </reporter-output>
        </test-method> <!-- validLoginTest -->
        <test-method is-config="true" signature="afterMethod()[pri:0, instance:test.ValidLoginTest@25641d39]" started-at="2022-07-21T09:50:33 IST" name="afterMethod" finished-at="2022-07-21T09:50:33 IST" duration-ms="211" status="PASS">
          <reporter-output>
          </reporter-output>
        </test-method> <!-- afterMethod -->
      </class> <!-- test.ValidLoginTest -->
    </test> <!-- Default test -->
  </suite> <!-- Default suite -->
</testng-results>
